convert /home/wdaems/mnt/pegasus/lab/finessensual/data/2025-08/UB-DMW.xml as a Calc document -> /home/wdaems/mnt/pegasus/lab/finessensual/data/2025-08/UB-DMW.xlsx using filter : Calc Office Open XML
convert /home/wdaems/mnt/pegasus/lab/finessensual/data/2025-08/UB-STJ.xml as a Calc document -> /home/wdaems/mnt/pegasus/lab/finessensual/data/2025-08/UB-STJ.xlsx using filter : Calc Office Open XML
convert /home/wdaems/mnt/pegasus/lab/finessensual/data/2025-08/Budgetboekingen-FFP230001.xls as a Calc document -> /home/wdaems/mnt/pegasus/lab/finessensual/data/2025-08/Budgetboekingen-FFP230001.xlsx using filter : Calc Office Open XML
convert /home/wdaems/mnt/pegasus/lab/finessensual/data/2025-08/Budgetboekingen-FFI240377.xls as a Calc document -> /home/wdaems/mnt/pegasus/lab/finessensual/data/2025-08/Budgetboekingen-FFI240377.xlsx using filter : Calc Office Open XML
convert /home/wdaems/mnt/pegasus/lab/finessensual/data/2025-08/Budgetboekingen-FFI230414.xls as a Calc document -> /home/wdaems/mnt/pegasus/lab/finessensual/data/2025-08/Budgetboekingen-FFI230414.xlsx using filter : Calc Office Open XML
convert /home/wdaems/mnt/pegasus/lab/finessensual/data/2025-08/Budgetboekingen-FFP240410.xls as a Calc document -> /home/wdaems/mnt/pegasus/lab/finessensual/data/2025-08/Budgetboekingen-FFP240410.xlsx using filter : Calc Office Open XML
convert /home/wdaems/mnt/pegasus/lab/finessensual/data/2025-08/Budgetboekingen-FFP240117.xls as a Calc document -> /home/wdaems/mnt/pegasus/lab/finessensual/data/2025-08/Budgetboekingen-FFP240117.xlsx using filter : Calc Office Open XML
convert /home/wdaems/mnt/pegasus/lab/finessensual/data/2025-08/VBTransacties-RA140003-DMW.xls as a Calc document -> /home/wdaems/mnt/pegasus/lab/finessensual/data/2025-08/VBTransacties-RA140003-DMW.xlsx using filter : Calc Office Open XML
convert /home/wdaems/mnt/pegasus/lab/finessensual/data/2025-08/VBTransacties-AO240005-Cosys.xls as a Calc document -> /home/wdaems/mnt/pegasus/lab/finessensual/data/2025-08/VBTransacties-AO240005-Cosys.xlsx using filter : Calc Office Open XML
convert /home/wdaems/mnt/pegasus/lab/finessensual/data/2025-08/VBTransacties-WO170003-Cosys.xls as a Calc document -> /home/wdaems/mnt/pegasus/lab/finessensual/data/2025-08/VBTransacties-WO170003-Cosys.xlsx using filter : Calc Office Open XML
convert /home/wdaems/mnt/pegasus/lab/finessensual/data/2025-08/VBTransacties-AK160007-DMW.xls as a Calc document -> /home/wdaems/mnt/pegasus/lab/finessensual/data/2025-08/VBTransacties-AK160007-DMW.xlsx using filter : Calc Office Open XML
convert /home/wdaems/mnt/pegasus/lab/finessensual/data/2025-08/VBTransacties-AK130109-LVP.xls as a Calc document -> /home/wdaems/mnt/pegasus/lab/finessensual/data/2025-08/VBTransacties-AK130109-LVP.xlsx using filter : Calc Office Open XML
convert /home/wdaems/mnt/pegasus/lab/finessensual/data/2025-08/Transacties-FFI230414.xls as a Calc document -> /home/wdaems/mnt/pegasus/lab/finessensual/data/2025-08/Transacties-FFI230414.xlsx using filter : Calc Office Open XML
convert /home/wdaems/mnt/pegasus/lab/finessensual/data/2025-08/Transacties-FFI240377.xls as a Calc document -> /home/wdaems/mnt/pegasus/lab/finessensual/data/2025-08/Transacties-FFI240377.xlsx using filter : Calc Office Open XML
convert /home/wdaems/mnt/pegasus/lab/finessensual/data/2025-08/Transacties-FFP230001.xls as a Calc document -> /home/wdaems/mnt/pegasus/lab/finessensual/data/2025-08/Transacties-FFP230001.xlsx using filter : Calc Office Open XML
convert /home/wdaems/mnt/pegasus/lab/finessensual/data/2025-08/Transacties-FFP240117.xls as a Calc document -> /home/wdaems/mnt/pegasus/lab/finessensual/data/2025-08/Transacties-FFP240117.xlsx using filter : Calc Office Open XML
convert /home/wdaems/mnt/pegasus/lab/finessensual/data/2025-08/Transacties-FFP240410.xls as a Calc document -> /home/wdaems/mnt/pegasus/lab/finessensual/data/2025-08/Transacties-FFP240410.xlsx using filter : Calc Office Open XML
convert /home/wdaems/mnt/pegasus/lab/finessensual/data/2025-08/Lonen-transacties-DMW.xml as a Calc document -> /home/wdaems/mnt/pegasus/lab/finessensual/data/2025-08/Lonen-transacties-DMW.xlsx using filter : Calc Office Open XML
convert /home/wdaems/mnt/pegasus/lab/finessensual/data/2025-08/Lonen-transacties-LNJ.xml as a Calc document -> /home/wdaems/mnt/pegasus/lab/finessensual/data/2025-08/Lonen-transacties-LNJ.xlsx using filter : Calc Office Open XML
convert /home/wdaems/mnt/pegasus/lab/finessensual/data/2025-08/Lonen-transacties-STJ.xml as a Calc document -> /home/wdaems/mnt/pegasus/lab/finessensual/data/2025-08/Lonen-transacties-STJ.xlsx using filter : Calc Office Open XML
convert /home/wdaems/mnt/pegasus/lab/finessensual/data/2025-08/UU-STJ.xml as a Calc document -> /home/wdaems/mnt/pegasus/lab/finessensual/data/2025-08/UU-STJ.xlsx using filter : Calc Office Open XML
convert /home/wdaems/mnt/pegasus/lab/finessensual/data/2025-08/UU-DMW.xml as a Calc document -> /home/wdaems/mnt/pegasus/lab/finessensual/data/2025-08/UU-DMW.xlsx using filter : Calc Office Open XML
convert /home/wdaems/mnt/pegasus/lab/finessensual/data/2025-08/UV-STJ.xml as a Calc document -> /home/wdaems/mnt/pegasus/lab/finessensual/data/2025-08/UV-STJ.xlsx using filter : Calc Office Open XML
convert /home/wdaems/mnt/pegasus/lab/finessensual/data/2025-08/UV-DMW.xml as a Calc document -> /home/wdaems/mnt/pegasus/lab/finessensual/data/2025-08/UV-DMW.xlsx using filter : Calc Office Open XML
